2012-05-30 18:00:00 22.35 86.1
2012-05-30 19:00:00 22.06 88.6
2012-05-30 20:00:00 21.03 89.7
2012-05-30 21:00:00 18.65 92.6
2012-05-30 22:00:00 19.4 92.5
2012-05-30 18:00:00 22.35 86.1
2012-05-30 19:00:00 22.06 88.6
2012-05-30 20:00:00 21.03 89.7
2012-05-30 21:00:00 18.65 92.6
2012-05-30 22:00:00 19.4 92.5
2012-05-26 19:00:00 21.89 76.55
2012-05-26 20:00:00 20.95 81.6
2012-05-26 21:00:00 20.08 85.1
2012-05-26 22:00:00 19.26 88.7
2012-05-26 23:00:00 18.78 89.3
2012-05-27 00:00:00 18.53 88.6
2012-05-27 01:00:00 18.27 90.3
2012-05-27 02:00:00 18.09 88.8
2012-05-27 03:00:00 17.49 90.6
2012-05-27 04:00:00 17.55 88.8
2012-05-27 05:00:00 17.73 86.5
2012-05-27 06:00:00 18.22 83
2012-05-27 07:00:00 19.92 77
2012-05-27 08:00:00 24.2 62.06
2012-05-27 09:00:00 25.8 58.01
2012-05-27 10:00:00 26.87 54.41
2012-05-27 11:00:00 27.61 55.65
2012-05-27 12:00:00 27.8 56.74
2012-05-27 13:00:00 27.04 61.43
2012-05-27 14:00:00 26.71 67.79
2012-05-27 15:00:00 26.01 71
2012-05-27 16:00:00 25.38 75.48
2012-05-27 17:00:00 25.08 78.35
2012-05-27 18:00:00 23.37 86.6
2012-05-27 19:00:00 22.7 87.6
2012-05-27 20:00:00 22.32 88.6
2012-05-27 21:00:00 22.03 90.4
2012-05-27 22:00:00 21.58 91.2
2012-05-27 23:00:00 21.18 91.9
2012-05-28 00:00:00 20.92 88.9
2012-05-28 01:00:00 20.84 88
2012-05-28 02:00:00 20.37 87.1
2012-05-28 03:00:00 19.84 88.8
2012-05-28 04:00:00 20.04 85.8
2012-05-28 05:00:00 19.57 87.7
2012-05-28 06:00:00 19.69 87
2012-05-28 07:00:00 21.59 80.9
2012-05-28 08:00:00 24.93 68.39
2012-05-28 09:00:00 28.07 54.84
2012-05-28 10:00:00 28.78 57.55
2012-05-28 11:00:00 28.11 63.7
2012-05-28 12:00:00 28.17 65.16
2012-05-28 13:00:00 28.02 66.14
2012-05-28 14:00:00 28.12 68.79
2012-05-28 15:00:00 21.21 84.8
2012-05-28 16:00:00 19.46 93.1
2012-05-28 17:00:00 19.69 92.9
2012-05-28 18:00:00 19.89 92.7
2012-05-28 19:00:00 20.26 92.6
2012-05-28 20:00:00 20.37 92.7
2012-05-28 21:00:00 20.39 92.8
2012-05-28 22:00:00 20.28 92.9
2012-05-28 23:00:00 20.35 92.4
2012-05-29 00:00:00 19.79 92.5
2012-05-29 01:00:00 19.43 92.3
2012-05-29 02:00:00 19.27 92
2012-05-29 03:00:00 19.2 90
2012-05-29 04:00:00 19.17 89.3
2012-05-29 05:00:00 19.73 86.1
2012-05-29 06:00:00 21.03 81.4
2012-05-29 07:00:00 23.32 73.82
2012-05-29 08:00:00 25.02 68.92
2012-05-29 09:00:00 26.06 69.25
2012-05-29 10:00:00 26.96 65.65
2012-05-29 11:00:00 27.01 67.81
2012-05-29 12:00:00 27.94 65.06
2012-05-29 13:00:00 27.85 68.66
2012-05-29 14:00:00 27.31 72.37
2012-05-29 15:00:00 26.1 77.19
2012-05-29 16:00:00 23.46 86.5
2012-05-29 17:00:00 22.12 92.5
2012-05-29 18:00:00 21.79 91.1
2012-05-29 19:00:00 19.88 87.1
2012-05-29 20:00:00 20.19 88.3
2012-05-29 21:00:00 20.89 89.3
2012-05-29 22:00:00 21.31 87.9
2012-05-29 23:00:00 21.17 87.8
2012-05-30 00:00:00 20.55 91.8
2012-05-30 01:00:00 20.5 91.5
2012-05-30 02:00:00 20.36 91.8
2012-05-30 03:00:00 20.74 88
2012-05-30 04:00:00 20.82 85.1
2012-05-30 05:00:00 20.53 85.7
2012-05-30 06:00:00 19.8 90.1
2012-05-30 07:00:00 20.86 87.2
2012-05-30 08:00:00 23.08 79.65
2012-05-30 09:00:00 24.19 76.84
2012-05-30 10:00:00 25.62 71.75
2012-05-30 11:00:00 25.97 72.89
2012-05-30 12:00:00 26.68 65.9
2012-05-30 13:00:00 27.73 65.34
2012-05-30 14:00:00 27.73 69.46
2012-05-30 15:00:00 24.14 81.3
2012-05-30 16:00:00 23.2 85.6
2012-05-30 17:00:00 22.54 85.6
2012-05-30 18:00:00 22.35 86.1
2012-05-30 19:00:00 22.06 88.6
2012-05-30 20:00:00 21.03 89.7
2012-05-30 21:00:00 18.65 92.6
2012-05-30 22:00:00 19.4 92.5
2012-05-26 19:00:00 21.89 76.55
2012-05-26 20:00:00 20.95 81.6
2012-05-26 21:00:00 20.08 85.1
2012-05-26 22:00:00 19.26 88.7
2012-05-26 23:00:00 18.78 89.3
2012-05-27 00:00:00 18.53 88.6
2012-05-27 01:00:00 18.27 90.3
2012-05-27 02:00:00 18.09 88.8
2012-05-27 03:00:00 17.49 90.6
2012-05-27 04:00:00 17.55 88.8
2012-05-27 05:00:00 17.73 86.5
2012-05-27 06:00:00 18.22 83
2012-05-27 07:00:00 19.92 77
2012-05-27 08:00:00 24.2 62.06
2012-05-27 09:00:00 25.8 58.01
2012-05-27 10:00:00 26.87 54.41
2012-05-27 11:00:00 27.61 55.65
2012-05-27 12:00:00 27.8 56.74
2012-05-27 13:00:00 27.04 61.43
2012-05-27 14:00:00 26.71 67.79
2012-05-27 15:00:00 26.01 71
2012-05-27 16:00:00 25.38 75.48
2012-05-27 17:00:00 25.08 78.35
2012-05-27 18:00:00 23.37 86.6
2012-05-27 19:00:00 22.7 87.6
2012-05-27 20:00:00 22.32 88.6
2012-05-27 21:00:00 22.03 90.4
2012-05-27 22:00:00 21.58 91.2
2012-05-27 23:00:00 21.18 91.9
2012-05-28 00:00:00 20.92 88.9
2012-05-28 01:00:00 20.84 88
2012-05-28 02:00:00 20.37 87.1
2012-05-28 03:00:00 19.84 88.8
2012-05-28 04:00:00 20.04 85.8
2012-05-28 05:00:00 19.57 87.7
2012-05-28 06:00:00 19.69 87
2012-05-28 07:00:00 21.59 80.9
2012-05-28 08:00:00 24.93 68.39
2012-05-28 09:00:00 28.07 54.84
2012-05-28 10:00:00 28.78 57.55
2012-05-28 11:00:00 28.11 63.7
2012-05-28 12:00:00 28.17 65.16
2012-05-28 13:00:00 28.02 66.14
2012-05-28 14:00:00 28.12 68.79
2012-05-28 15:00:00 21.21 84.8
2012-05-28 16:00:00 19.46 93.1
2012-05-28 17:00:00 19.69 92.9
2012-05-28 18:00:00 19.89 92.7
2012-05-28 19:00:00 20.26 92.6
2012-05-28 20:00:00 20.37 92.7
2012-05-28 21:00:00 20.39 92.8
2012-05-28 22:00:00 20.28 92.9
2012-05-28 23:00:00 20.35 92.4
2012-05-29 00:00:00 19.79 92.5
2012-05-29 01:00:00 19.43 92.3
2012-05-29 02:00:00 19.27 92
2012-05-29 03:00:00 19.2 90
2012-05-29 04:00:00 19.17 89.3
2012-05-29 05:00:00 19.73 86.1
2012-05-29 06:00:00 21.03 81.4
2012-05-29 07:00:00 23.32 73.82
2012-05-29 08:00:00 25.02 68.92
2012-05-29 09:00:00 26.06 69.25
2012-05-29 10:00:00 26.96 65.65
2012-05-29 11:00:00 27.01 67.81
2012-05-29 12:00:00 27.94 65.06
2012-05-29 13:00:00 27.85 68.66
2012-05-29 14:00:00 27.31 72.37
2012-05-29 15:00:00 26.1 77.19
2012-05-29 16:00:00 23.46 86.5
2012-05-29 17:00:00 22.12 92.5
2012-05-29 18:00:00 21.79 91.1
2012-05-29 19:00:00 19.88 87.1
2012-05-29 20:00:00 20.19 88.3
2012-05-29 21:00:00 20.89 89.3
2012-05-29 22:00:00 21.31 87.9
2012-05-29 23:00:00 21.17 87.8
2012-05-30 00:00:00 20.55 91.8
2012-05-30 01:00:00 20.5 91.5
2012-05-30 02:00:00 20.36 91.8
2012-05-30 03:00:00 20.74 88
2012-05-30 04:00:00 20.82 85.1
2012-05-30 05:00:00 20.53 85.7
2012-05-30 06:00:00 19.8 90.1
2012-05-30 07:00:00 20.86 87.2
2012-05-30 08:00:00 23.08 79.65
2012-05-30 09:00:00 24.19 76.84
2012-05-30 10:00:00 25.62 71.75
2012-05-30 11:00:00 25.97 72.89
2012-05-30 12:00:00 26.68 65.9
2012-05-30 13:00:00 27.73 65.34
2012-05-30 14:00:00 27.73 69.46
2012-05-30 15:00:00 24.14 81.3
2012-05-30 16:00:00 23.2 85.6
2012-05-30 17:00:00 22.54 85.6
2012-05-30 18:00:00 22.35 86.1
2012-05-30 19:00:00 22.06 88.6
2012-05-30 20:00:00 21.03 89.7
2012-05-30 21:00:00 18.65 92.6
2012-05-30 22:00:00 19.4 92.5
